  dataarray.c
D:\vs2017Data\28.数组编程\数据管理框架-增删查改\数据管理框架-增删查改\datastruct.h(13,1): error C2011: “Data”:“struct”类型重定义
D:\vs2017Data\28.数组编程\数据管理框架-增删查改\数据管理框架-增删查改\datastruct.h(12): message : 参见“Data”的声明
D:\vs2017Data\28.数组编程\数据管理框架-增删查改\数据管理框架-增删查改\dataarray.c(19,21): warning C4013: “getnum”未定义；假设外部返回 int
D:\vs2017Data\28.数组编程\数据管理框架-增删查改\数据管理框架-增删查改\dataarray.c(164,21): warning C4013: “getch”未定义；假设外部返回 int
D:\vs2017Data\28.数组编程\数据管理框架-增删查改\数据管理框架-增删查改\dataarray.c(229,62): warning C4090: “函数”: 不同的“const”限定符
D:\vs2017Data\28.数组编程\数据管理框架-增删查改\数据管理框架-增删查改\dataarray.c(229,62): warning C4113: “int (__cdecl *)(void *,void *)”和“_CoreCrtNonSecureSearchSortCompareFunction”的参数列表不同
D:\vs2017Data\28.数组编程\数据管理框架-增删查改\数据管理框架-增删查改\dataarray.c(234,64): warning C4090: “函数”: 不同的“const”限定符
D:\vs2017Data\28.数组编程\数据管理框架-增删查改\数据管理框架-增删查改\dataarray.c(234,64): warning C4113: “int (__cdecl *)(void *,void *)”和“_CoreCrtNonSecureSearchSortCompareFunction”的参数列表不同
  datastruct.c
D:\vs2017Data\28.数组编程\数据管理框架-增删查改\数据管理框架-增删查改\datastruct.c(28,20): warning C4267: “=”: 从“size_t”转换到“unsigned char”，可能丢失数据
  init.c
D:\vs2017Data\28.数组编程\数据管理框架-增删查改\数据管理框架-增删查改\init.c(30,23): warning C4013: “strstr”未定义；假设外部返回 int
D:\vs2017Data\28.数组编程\数据管理框架-增删查改\数据管理框架-增删查改\init.c(30,74): warning C4047: “=”:“char *”与“int”的间接级别不同
D:\vs2017Data\28.数组编程\数据管理框架-增删查改\数据管理框架-增删查改\init.c(30,1): warning C4047: “初始化”:“char *”与“int”的间接级别不同
  Main.c
D:\vs2017Data\28.数组编程\数据管理框架-增删查改\数据管理框架-增删查改\datastruct.h(13,1): error C2011: “Data”:“struct”类型重定义
D:\vs2017Data\28.数组编程\数据管理框架-增删查改\数据管理框架-增删查改\datastruct.h(12): message : 参见“Data”的声明
  ui.c
D:\vs2017Data\28.数组编程\数据管理框架-增删查改\数据管理框架-增删查改\datastruct.h(13,1): error C2011: “Data”:“struct”类型重定义
D:\vs2017Data\28.数组编程\数据管理框架-增删查改\数据管理框架-增删查改\datastruct.h(12): message : 参见“Data”的声明
D:\vs2017Data\28.数组编程\数据管理框架-增删查改\数据管理框架-增删查改\ui.c(40,16): warning C4013: “getch”未定义；假设外部返回 int
D:\vs2017Data\28.数组编程\数据管理框架-增删查改\数据管理框架-增删查改\ui.c(183,10): warning C4477: “scanf”: 格式字符串“%d”需要类型“int *”的参数，但可变参数 1 拥有了类型“__int64 *”
D:\vs2017Data\28.数组编程\数据管理框架-增删查改\数据管理框架-增删查改\ui.c(183,10): message : 请考虑在格式字符串中使用“%lld”
D:\vs2017Data\28.数组编程\数据管理框架-增删查改\数据管理框架-增删查改\ui.c(183,10): message : 请考虑在格式字符串中使用“%I64d”
  正在生成代码...
